Using pre-set license
Built from '2020.3/staging' branch; Version is '2020.3.40f1 (ba48d4efcef1) revision 12208340'; Using compiler version '192528614'; Build Type 'Release'
OS: 'Windows 11  (10.0.22000) 64bit Professional' Language: 'tr' Physical Memory: 15741 MB
BatchMode: 1, IsHumanControllingUs: 0, StartBugReporterOnCrash: 0, Is64bit: 1, IsPro: 0

COMMAND LINE ARGUMENTS:
C:\Program Files\Unity 2020.3.40f1\Editor\Unity.exe
-adb2
-batchMode
-noUpm
-name
AssetImportWorker0
-projectPath
C:/Users/cikat/OneDrive/Masaüstü/Lesson_DevelopingMobileGames-main/Project/ProjectCore
-logFile
Logs/AssetImportWorker0.log
-srvPort
56176
Successfully changed project path to: C:/Users/cikat/OneDrive/Masaüstü/Lesson_DevelopingMobileGames-main/Project/ProjectCore
C:/Users/cikat/OneDrive/Masaüstü/Lesson_DevelopingMobileGames-main/Project/ProjectCore
Using Asset Import Pipeline V2.
Refreshing native plugins compatible for Editor in 38.45 ms, found 2 plugins.
Preloading 0 native plugins for Editor in 0.00 ms.
Initialize engine version: 2020.3.40f1 (ba48d4efcef1)
[Subsystems] Discovering subsystems at path C:/Program Files/Unity 2020.3.40f1/Editor/Data/Resources/UnitySubsystems
[Subsystems] Discovering subsystems at path C:/Users/cikat/OneDrive/Masaüstü/Lesson_DevelopingMobileGames-main/Project/ProjectCore/Assets
GfxDevice: creating device client; threaded=0
Direct3D:
    Version:  Direct3D 11.0 [level 11.1]
    Renderer: NVIDIA GeForce GTX 1650 Ti (ID=0x1f95)
    Vendor:   
    VRAM:     3949 MB
    Driver:   31.0.15.2647
Initialize mono
Mono path[0] = 'C:/Program Files/Unity 2020.3.40f1/Editor/Data/Managed'
Mono path[1] = 'C:/Program Files/Unity 2020.3.40f1/Editor/Data/MonoBleedingEdge/lib/mono/unityjit'
Mono config path = 'C:/Program Files/Unity 2020.3.40f1/Editor/Data/MonoBleedingEdge/etc'
Using monoOptions --debugger-agent=transport=dt_socket,embedding=1,server=y,suspend=n,address=127.0.0.1:56480
Begin MonoManager ReloadAssembly
Registering precompiled unity dll's ...
Register platform support module: C:/Program Files/Unity 2020.3.40f1/Editor/Data/PlaybackEngines/WindowsStandaloneSupport/UnityEditor.WindowsStandalone.Extensions.dll
Registered in 0.001273 seconds.
Native extension for WindowsStandalone target not found
Refreshing native plugins compatible for Editor in 36.70 ms, found 2 plugins.
Preloading 0 native plugins for Editor in 0.00 ms.
Mono: successfully reloaded assembly
- Completed reload, in  0.502 seconds
Domain Reload Profiling:
	ReloadAssembly (503ms)
		BeginReloadAssembly (56ms)
			ExecutionOrderSort (0ms)
			DisableScriptedObjects (0ms)
			BackupInstance (0ms)
			ReleaseScriptingObjects (0ms)
			CreateAndSetChildDomain (1ms)
		EndReloadAssembly (384ms)
			LoadAssemblies (55ms)
			RebuildTransferFunctionScriptingTraits (0ms)
			SetupTypeCache (125ms)
			ReleaseScriptCaches (0ms)
			RebuildScriptCaches (26ms)
			SetupLoadedEditorAssemblies (146ms)
				LogAssemblyErrors (0ms)
				InitializePlatformSupportModulesInManaged (4ms)
				SetLoadedEditorAssemblies (0ms)
				RefreshPlugins (37ms)
				BeforeProcessingInitializeOnLoad (14ms)
				ProcessInitializeOnLoadAttributes (68ms)
				ProcessInitializeOnLoadMethodAttributes (24ms)
				AfterProcessingInitializeOnLoad (0ms)
				EditorAssembliesLoaded (0ms)
			ExecutionOrderSort2 (0ms)
			AwakeInstancesAfterBackupRestoration (0ms)
Platform modules already initialized, skipping
Registering precompiled user dll's ...
Registered in 0.002537 seconds.
Begin MonoManager ReloadAssembly
Native extension for WindowsStandalone target not found
Refreshing native plugins compatible for Editor in 35.70 ms, found 2 plugins.
Preloading 0 native plugins for Editor in 0.00 ms.
Mono: successfully reloaded assembly
- Completed reload, in  0.935 seconds
Domain Reload Profiling:
	ReloadAssembly (936ms)
		BeginReloadAssembly (129ms)
			ExecutionOrderSort (0ms)
			DisableScriptedObjects (4ms)
			BackupInstance (0ms)
			ReleaseScriptingObjects (0ms)
			CreateAndSetChildDomain (19ms)
		EndReloadAssembly (757ms)
			LoadAssemblies (81ms)
			RebuildTransferFunctionScriptingTraits (0ms)
			SetupTypeCache (237ms)
			ReleaseScriptCaches (0ms)
			RebuildScriptCaches (38ms)
			SetupLoadedEditorAssemblies (310ms)
				LogAssemblyErrors (0ms)
				InitializePlatformSupportModulesInManaged (3ms)
				SetLoadedEditorAssemblies (0ms)
				RefreshPlugins (36ms)
				BeforeProcessingInitializeOnLoad (59ms)
				ProcessInitializeOnLoadAttributes (195ms)
				ProcessInitializeOnLoadMethodAttributes (12ms)
				AfterProcessingInitializeOnLoad (5ms)
				EditorAssembliesLoaded (0ms)
			ExecutionOrderSort2 (0ms)
			AwakeInstancesAfterBackupRestoration (2ms)
Platform modules already initialized, skipping
========================================================================
Worker process is ready to serve import requests
Launched and connected shader compiler UnityShaderCompiler.exe after 0.04 seconds
Refreshing native plugins compatible for Editor in 0.40 ms, found 2 plugins.
Preloading 0 native plugins for Editor in 0.00 ms.
Unloading 1880 Unused Serialized files (Serialized files now loaded: 0)
System memory in use before: 170.1 MB.
System memory in use after: 170.2 MB.

Unloading 19 unused Assets to reduce memory usage. Loaded Objects now: 2337.
Total: 3.266600 ms (FindLiveObjects: 0.225800 ms CreateObjectMapping: 0.055200 ms MarkObjects: 2.918700 ms  DeleteObjects: 0.065800 ms)

AssetImportParameters requested are different than current active one (requested -> active):
  custom:framework-win-MediaFoundation: 216162199b28c13a410421893ffa2e32 -> 
  custom:video-decoder-ogg-theora: a1e56fd34408186e4bbccfd4996cb3dc -> 
  custom:container-muxer-webm: aa71ff27fc2769a1b78a27578f13a17b -> 
  custom:container-demuxer-webm: 4f35f7cbe854078d1ac9338744f61a02 -> 
  custom:container-demuxer-ogg: 62fdf1f143b41e24485cea50d1cbac27 -> 
  custom:video-encoder-webm-vp8: eb34c28f22e8b96e1ab97ce403110664 -> 
  custom:video-decoder-webm-vp8: 9c59270c3fd7afecdb556c50c9e8de78 -> 
  custom:audio-decoder-ogg-vorbis: bf7c407c2cedff20999df2af8eb42d56 -> 
  custom:audio-encoder-webm-vorbis: bf7c407c2cedff20999df2af8eb42d56 -> 
========================================================================
Received Import Request.
  path: Assets/Megumi_HighSchoolStudent/Texture
  artifactKey: Guid(156bad1cfb643234ab31eb3d56994350) Importer(815301076,1909f56bfc062723c751e8b465ee728b)
Start importing Assets/Megumi_HighSchoolStudent/Texture using Guid(156bad1cfb643234ab31eb3d56994350) Importer(815301076,1909f56bfc062723c751e8b465ee728b)  -> (artifact id: '76248bdf27270995f0586783fef3afd6') in 0.008429 seconds 
========================================================================
Received Prepare
Registering precompiled user dll's ...
Registered in 0.002535 seconds.
Begin MonoManager ReloadAssembly
Native extension for WindowsStandalone target not found
Refreshing native plugins compatible for Editor in 0.43 ms, found 2 plugins.
Preloading 0 native plugins for Editor in 0.00 ms.
Mono: successfully reloaded assembly
- Completed reload, in  0.874 seconds
Domain Reload Profiling:
	ReloadAssembly (875ms)
		BeginReloadAssembly (108ms)
			ExecutionOrderSort (0ms)
			DisableScriptedObjects (4ms)
			BackupInstance (0ms)
			ReleaseScriptingObjects (0ms)
			CreateAndSetChildDomain (29ms)
		EndReloadAssembly (711ms)
			LoadAssemblies (88ms)
			RebuildTransferFunctionScriptingTraits (0ms)
			SetupTypeCache (238ms)
			ReleaseScriptCaches (1ms)
			RebuildScriptCaches (31ms)
			SetupLoadedEditorAssemblies (277ms)
				LogAssemblyErrors (0ms)
				InitializePlatformSupportModulesInManaged (3ms)
				SetLoadedEditorAssemblies (0ms)
				RefreshPlugins (1ms)
				BeforeProcessingInitializeOnLoad (61ms)
				ProcessInitializeOnLoadAttributes (196ms)
				ProcessInitializeOnLoadMethodAttributes (12ms)
				AfterProcessingInitializeOnLoad (4ms)
				EditorAssembliesLoaded (0ms)
			ExecutionOrderSort2 (0ms)
			AwakeInstancesAfterBackupRestoration (2ms)
Platform modules already initialized, skipping
Switching build target platform(19) subTarget(0) extendedPlatform(0) -> platform(13) subTarget(537395200) extendedPlatform(0)
Refreshing native plugins compatible for Editor in 0.42 ms, found 2 plugins.
Preloading 0 native plugins for Editor in 0.00 ms.
Unloading 1874 Unused Serialized files (Serialized files now loaded: 0)
System memory in use before: 169.7 MB.
System memory in use after: 169.8 MB.

Unloading 15 unused Assets to reduce memory usage. Loaded Objects now: 2337.
Total: 3.035000 ms (FindLiveObjects: 0.161400 ms CreateObjectMapping: 0.040100 ms MarkObjects: 2.805900 ms  DeleteObjects: 0.026300 ms)

AssetImportParameters requested are different than current active one (requested -> active):
  custom:framework-win-MediaFoundation: 216162199b28c13a410421893ffa2e32 -> 
  custom:video-decoder-ogg-theora: a1e56fd34408186e4bbccfd4996cb3dc -> 
  custom:container-muxer-webm: aa71ff27fc2769a1b78a27578f13a17b -> 
  custom:container-demuxer-webm: 4f35f7cbe854078d1ac9338744f61a02 -> 
  custom:container-demuxer-ogg: 62fdf1f143b41e24485cea50d1cbac27 -> 
  custom:video-encoder-webm-vp8: eb34c28f22e8b96e1ab97ce403110664 -> 
  custom:video-decoder-webm-vp8: 9c59270c3fd7afecdb556c50c9e8de78 -> 
  custom:graphics/normal-map-encoding: 01000000000000000000000000000000 -> 02000000000000000000000000000000
  custom:audio-decoder-ogg-vorbis: bf7c407c2cedff20999df2af8eb42d56 -> 
  custom:audio-encoder-webm-vorbis: bf7c407c2cedff20999df2af8eb42d56 -> 
========================================================================
Received Import Request.
  Time since last request: 10.873229 seconds.
  path: Assets/Megumi_HighSchoolStudent/Prefabs
  artifactKey: Guid(b80dfb28fc5ab4c4b84d8310cb60b2f7) Importer(815301076,1909f56bfc062723c751e8b465ee728b)
Start importing Assets/Megumi_HighSchoolStudent/Prefabs using Guid(b80dfb28fc5ab4c4b84d8310cb60b2f7) Importer(815301076,1909f56bfc062723c751e8b465ee728b)  -> (artifact id: '25503d3f60684f00a27d3d09f6a093c0') in 0.009588 seconds 
========================================================================
Received Import Request.
  Time since last request: 0.047479 seconds.
  path: Assets/Megumi_HighSchoolStudent/Prefabs/Megumi_HightSchoolStudent.prefab
  artifactKey: Guid(5febbef7ff24bbf498ec4aa2aaa99541) Importer(815301076,1909f56bfc062723c751e8b465ee728b)
Start importing Assets/Megumi_HighSchoolStudent/Prefabs/Megumi_HightSchoolStudent.prefab using Guid(5febbef7ff24bbf498ec4aa2aaa99541) Importer(815301076,1909f56bfc062723c751e8b465ee728b)  -> (artifact id: 'd9125a199953b766154f364004693d57') in 0.047875 seconds 
========================================================================
Received Import Request.
  Time since last request: 1.633793 seconds.
  path: Assets/Megumi_HighSchoolStudent/Materials
  artifactKey: Guid(d215d83f2f49aa449b5a20a85d46eb16) Importer(815301076,1909f56bfc062723c751e8b465ee728b)
Start importing Assets/Megumi_HighSchoolStudent/Materials using Guid(d215d83f2f49aa449b5a20a85d46eb16) Importer(815301076,1909f56bfc062723c751e8b465ee728b)  -> (artifact id: '372893b0fdbee01e812ee867ac0c8cb9') in 0.035877 seconds 
========================================================================
Received Import Request.
  Time since last request: 0.038057 seconds.
  path: Assets/Megumi_HighSchoolStudent/Materials/Body_SKIN.mat
  artifactKey: Guid(76a952b759eeebe4ca7d91c824a64882) Importer(815301076,1909f56bfc062723c751e8b465ee728b)
Start importing Assets/Megumi_HighSchoolStudent/Materials/Body_SKIN.mat using Guid(76a952b759eeebe4ca7d91c824a64882) Importer(815301076,1909f56bfc062723c751e8b465ee728b)  -> (artifact id: '5ed87c05882fe1e3d50ae782f1635252') in 0.162494 seconds 
========================================================================
Received Import Request.
  Time since last request: 0.000265 seconds.
  path: Assets/Megumi_HighSchoolStudent/Materials/Bottoms_CLOTH.mat
  artifactKey: Guid(8d243a145aeeb3441baa803757bb799e) Importer(815301076,1909f56bfc062723c751e8b465ee728b)
Start importing Assets/Megumi_HighSchoolStudent/Materials/Bottoms_CLOTH.mat using Guid(8d243a145aeeb3441baa803757bb799e) Importer(815301076,1909f56bfc062723c751e8b465ee728b)  -> (artifact id: '75761db7a2d3e774a30b5e7bbf4c5509') in 0.033876 seconds 
========================================================================
Received Import Request.
  Time since last request: 5.544656 seconds.
  path: Assets/Models/ImportedModels
  artifactKey: Guid(29cf7f9910a6dc540a51ba60a741d3b2) Importer(815301076,1909f56bfc062723c751e8b465ee728b)
Start importing Assets/Models/ImportedModels using Guid(29cf7f9910a6dc540a51ba60a741d3b2) Importer(815301076,1909f56bfc062723c751e8b465ee728b)  -> (artifact id: '1a2ca04b414ee8c3f99d2e45e83064dc') in 0.006430 seconds 
========================================================================
Received Import Request.
  Time since last request: 45.362751 seconds.
  path: Assets/Materials/background.mat
  artifactKey: Guid(962223ece3e4c5c4aa42620713913815) Importer(815301076,1909f56bfc062723c751e8b465ee728b)
Start importing Assets/Materials/background.mat using Guid(962223ece3e4c5c4aa42620713913815) Importer(815301076,1909f56bfc062723c751e8b465ee728b)  -> (artifact id: 'fd938ded9227d79d394d76042ff2f599') in 0.066469 seconds 
========================================================================
Received Import Request.
  Time since last request: 173.294982 seconds.
  path: Assets/Scenes/Level2.unity
  artifactKey: Guid(11281e510bb684b4997490e4a02cf24e) Importer(815301076,1909f56bfc062723c751e8b465ee728b)
Start importing Assets/Scenes/Level2.unity using Guid(11281e510bb684b4997490e4a02cf24e) Importer(815301076,1909f56bfc062723c751e8b465ee728b)  -> (artifact id: '594b6add279d915f189742c872048203') in 0.003139 seconds 
========================================================================
Received Import Request.
  Time since last request: 3.480309 seconds.
  path: Assets/Scenes/Level1.unity
  artifactKey: Guid(51ab0896799db124c864cc2f9aee3744) Importer(815301076,1909f56bfc062723c751e8b465ee728b)
Start importing Assets/Scenes/Level1.unity using Guid(51ab0896799db124c864cc2f9aee3744) Importer(815301076,1909f56bfc062723c751e8b465ee728b)  -> (artifact id: 'd7ff90e603663494b44aa4457d81cbd9') in 0.006085 seconds 
AssetImportWorkerClient::OnTransportError - code=2 error=End of file
